15:39:29.345 [main] INFO  testacase.TC_01AccountREG - ***  Starting TC_001_AccountRegistrationTest ***
15:39:29.549 [main] INFO  testacase.TC_01AccountREG - Clicked on My account link
15:39:30.418 [main] INFO  testacase.TC_01AccountREG - Clicked on register link
15:39:30.424 [main] INFO  testacase.TC_01AccountREG - Providing customer data
15:41:03.504 [main] INFO  testacase.TC_01AccountREG - ***  Starting TC_001_AccountRegistrationTest ***
15:41:03.684 [main] INFO  testacase.TC_01AccountREG - Clicked on My account link
15:41:04.321 [main] INFO  testacase.TC_01AccountREG - Clicked on register link
15:41:04.326 [main] INFO  testacase.TC_01AccountREG - Providing customer data
15:41:11.136 [main] INFO  testacase.TC_01AccountREG - Clicked on continue
15:41:14.149 [main] INFO  testacase.TC_01AccountREG - ***  Finished TC_001_AccountRegistrationTest ***
15:41:48.679 [main] INFO  testacase.TC_01AccountREG - ***  Starting TC_001_AccountRegistrationTest ***
15:41:48.892 [main] INFO  testacase.TC_01AccountREG - Clicked on My account link
15:41:49.610 [main] INFO  testacase.TC_01AccountREG - Clicked on register link
15:41:49.615 [main] INFO  testacase.TC_01AccountREG - Providing customer data
15:42:33.215 [main] INFO  testacase.TC_01AccountREG - ***  Starting TC_001_AccountRegistrationTest ***
15:42:33.448 [main] INFO  testacase.TC_01AccountREG - Clicked on My account link
15:42:34.032 [main] INFO  testacase.TC_01AccountREG - Clicked on register link
15:42:34.039 [main] INFO  testacase.TC_01AccountREG - Providing customer data
15:42:40.904 [main] INFO  testacase.TC_01AccountREG - Clicked on continue
15:42:43.920 [main] INFO  testacase.TC_01AccountREG - ***  Finished TC_001_AccountRegistrationTest ***
15:52:11.618 [main] INFO  testacase.TC_01AccountREG - ***  Starting TC_001_AccountRegistrationTest ***
15:52:11.811 [main] INFO  testacase.TC_01AccountREG - Clicked on My account link
15:52:12.416 [main] INFO  testacase.TC_01AccountREG - Clicked on register link
15:52:12.419 [main] INFO  testacase.TC_01AccountREG - Providing customer data
15:52:19.232 [main] INFO  testacase.TC_01AccountREG - Clicked on continue
15:52:22.271 [main] INFO  testacase.TC_01AccountREG - ***  Finished TC_001_AccountRegistrationTest ***
15:52:48.701 [main] INFO  testacase.TC_01AccountREG - ***  Starting TC_001_AccountRegistrationTest ***
15:52:48.878 [main] INFO  testacase.TC_01AccountREG - Clicked on My account link
15:52:49.541 [main] INFO  testacase.TC_01AccountREG - Clicked on register link
15:52:49.549 [main] INFO  testacase.TC_01AccountREG - Providing customer data
15:52:56.420 [main] INFO  testacase.TC_01AccountREG - Clicked on continue
15:52:59.448 [main] INFO  testacase.TC_01AccountREG - ***  Finished TC_001_AccountRegistrationTest ***
15:16:43.226 [main] INFO  testacase.TC_01AccountREG - ***  Starting TC_001_AccountRegistrationTest ***
15:19:08.890 [main] INFO  testacase.TC_01AccountREG - ***  Starting TC_001_AccountRegistrationTest ***
15:52:53.360 [main] INFO  testacase.TC_01AccountREG - ***  Starting TC_001_AccountRegistrationTest ***
15:53:55.000 [main] INFO  testacase.TC_01AccountREG - ***  Starting TC_001_AccountRegistrationTest ***
15:44:23.286 [main] INFO  testacase.TC_01AccountREG - ***  Starting TC_001_AccountRegistrationTest ***
15:44:23.496 [main] INFO  testacase.TC_01AccountREG - Clicked on My account link
15:44:24.233 [main] INFO  testacase.TC_01AccountREG - Clicked on register link
15:44:24.235 [main] INFO  testacase.TC_01AccountREG - Providing customer data
15:44:30.954 [main] INFO  testacase.TC_01AccountREG - Clicked on continue
15:44:33.978 [main] INFO  testacase.TC_01AccountREG - ***  Finished TC_001_AccountRegistrationTest ***
15:54:08.712 [TestNG-tests-1] INFO  testacase.TC_01AccountREG - ***  Starting TC_001_AccountRegistrationTest ***
15:54:08.919 [TestNG-tests-1] INFO  testacase.TC_01AccountREG - Clicked on My account link
15:54:10.683 [TestNG-tests-1] INFO  testacase.TC_01AccountREG - Clicked on register link
15:54:10.689 [TestNG-tests-1] INFO  testacase.TC_01AccountREG - Providing customer data
15:54:11.865 [TestNG-tests-2] INFO  testacase.TC_01AccountREG - ***  Starting TC_001_AccountRegistrationTest ***
15:54:12.016 [TestNG-tests-2] INFO  testacase.TC_01AccountREG - Clicked on My account link
15:54:12.599 [TestNG-tests-2] INFO  testacase.TC_01AccountREG - Clicked on register link
15:54:12.601 [TestNG-tests-2] INFO  testacase.TC_01AccountREG - Providing customer data
15:54:17.768 [TestNG-tests-1] INFO  testacase.TC_01AccountREG - Clicked on continue
15:54:19.373 [TestNG-tests-2] INFO  testacase.TC_01AccountREG - Clicked on continue
15:54:20.786 [TestNG-tests-1] INFO  testacase.TC_01AccountREG - ***  Finished TC_001_AccountRegistrationTest ***
15:54:22.400 [TestNG-tests-2] INFO  testacase.TC_01AccountREG - ***  Finished TC_001_AccountRegistrationTest ***
12:45:06.104 [TestNG-tests-2] INFO  testacase.TC_01AccountREG - ***  Starting TC_001_AccountRegistrationTest ***
12:45:06.103 [TestNG-tests-1] INFO  testacase.TC_01AccountREG - ***  Starting TC_001_AccountRegistrationTest ***
12:45:06.335 [TestNG-tests-1] INFO  testacase.TC_01AccountREG - Clicked on My account link
12:45:06.375 [TestNG-tests-2] INFO  testacase.TC_01AccountREG - Clicked on My account link
12:45:07.548 [TestNG-tests-1] INFO  testacase.TC_01AccountREG - Clicked on register link
12:45:07.556 [TestNG-tests-1] INFO  testacase.TC_01AccountREG - Providing customer data
12:45:07.638 [TestNG-tests-2] INFO  testacase.TC_01AccountREG - Clicked on register link
12:45:07.638 [TestNG-tests-2] INFO  testacase.TC_01AccountREG - Providing customer data
12:45:14.690 [TestNG-tests-1] INFO  testacase.TC_01AccountREG - Clicked on continue
12:45:14.803 [TestNG-tests-2] INFO  testacase.TC_01AccountREG - Clicked on continue
12:45:17.728 [TestNG-tests-1] INFO  testacase.TC_01AccountREG - ***  Finished TC_001_AccountRegistrationTest ***
12:45:17.828 [TestNG-tests-2] INFO  testacase.TC_01AccountREG - ***  Finished TC_001_AccountRegistrationTest ***
13:19:06.249 [main] INFO  testacase.TC_01AccountREG - ***  Starting TC_001_AccountRegistrationTest ***
13:19:45.333 [main] INFO  testacase.TC_01AccountREG - ***  Starting TC_001_AccountRegistrationTest ***
13:20:26.492 [main] INFO  testacase.TC_01AccountREG - ***  Starting TC_001_AccountRegistrationTest ***
13:20:26.646 [main] INFO  testacase.TC_01AccountREG - Clicked on My account link
13:20:27.200 [main] INFO  testacase.TC_01AccountREG - Clicked on register link
13:20:27.205 [main] INFO  testacase.TC_01AccountREG - Providing customer data
13:20:33.922 [main] INFO  testacase.TC_01AccountREG - Clicked on continue
13:20:36.947 [main] INFO  testacase.TC_01AccountREG - ***  Finished TC_001_AccountRegistrationTest ***
15:09:42.991 [main] INFO  testacase.TC_01AccountREG - ***  Starting TC_001_AccountRegistrationTest ***
15:09:43.178 [main] INFO  testacase.TC_01AccountREG - Clicked on My account link
15:09:43.773 [main] INFO  testacase.TC_01AccountREG - Clicked on register link
15:09:43.778 [main] INFO  testacase.TC_01AccountREG - Providing customer data
15:09:50.733 [main] INFO  testacase.TC_01AccountREG - Clicked on continue
15:09:53.750 [main] INFO  testacase.TC_01AccountREG - ***  Finished TC_001_AccountRegistrationTest ***
15:10:23.247 [main] INFO  testacase.TC_01AccountREG - ***  Starting TC_001_AccountRegistrationTest ***
15:10:23.432 [main] INFO  testacase.TC_01AccountREG - Clicked on My account link
15:10:23.980 [main] INFO  testacase.TC_01AccountREG - Clicked on register link
15:10:23.982 [main] INFO  testacase.TC_01AccountREG - Providing customer data
15:10:30.663 [main] INFO  testacase.TC_01AccountREG - Clicked on continue
15:13:43.071 [main] INFO  testacase.TC_01AccountREG - ***  Starting TC_001_AccountRegistrationTest ***
15:13:43.224 [main] INFO  testacase.TC_01AccountREG - Clicked on My account link
15:13:43.856 [main] INFO  testacase.TC_01AccountREG - Clicked on register link
15:13:43.860 [main] INFO  testacase.TC_01AccountREG - Providing customer data
15:13:50.604 [main] INFO  testacase.TC_01AccountREG - Clicked on continue
15:16:32.867 [main] INFO  testacase.TC_01AccountREG - ***  Starting TC_001_AccountRegistrationTest ***
15:16:33.109 [main] INFO  testacase.TC_01AccountREG - Clicked on My account link
15:16:33.704 [main] INFO  testacase.TC_01AccountREG - Clicked on register link
15:16:33.708 [main] INFO  testacase.TC_01AccountREG - Providing customer data
15:16:40.357 [main] INFO  testacase.TC_01AccountREG - Clicked on continue
15:11:22.703 [main] INFO  testacase.TC_01AccountREG - ***  Starting TC_001_AccountRegistrationTest ***
15:11:22.896 [main] INFO  testacase.TC_01AccountREG - Clicked on My account link
15:11:23.574 [main] INFO  testacase.TC_01AccountREG - Clicked on register link
15:11:23.579 [main] INFO  testacase.TC_01AccountREG - Providing customer data
16:28:23.006 [TestNG-tests-2] INFO  testacase.TC_01AccountREG - ***  Starting TC_001_AccountRegistrationTest ***
16:28:23.609 [TestNG-tests-1] INFO  testacase.TC_01AccountREG - ***  Starting TC_001_AccountRegistrationTest ***
16:28:23.708 [TestNG-tests-2] INFO  testacase.TC_01AccountREG - Clicked on My account link
16:28:23.814 [TestNG-tests-1] INFO  testacase.TC_01AccountREG - Clicked on My account link
16:28:32.649 [TestNG-tests-2] INFO  testacase.TC_01AccountREG - Clicked on register link
16:28:32.655 [TestNG-tests-2] INFO  testacase.TC_01AccountREG - Providing customer data
16:29:13.374 [main] INFO  testacase.TC_LoginDataDrivenTest -  Starting TC_003_LoginDataDrivenTest 
16:29:25.242 [main] INFO  testacase.TC_LoginDataDrivenTest -  Starting TC_003_LoginDataDrivenTest 
16:29:36.265 [main] INFO  testacase.TC_LoginDataDrivenTest -  Finished TC_003_LoginDataDrivenTest
16:29:36.280 [main] INFO  testacase.TC_LoginDataDrivenTest -  Starting TC_003_LoginDataDrivenTest 
16:29:47.233 [main] INFO  testacase.TC_LoginDataDrivenTest -  Finished TC_003_LoginDataDrivenTest
16:29:47.241 [main] INFO  testacase.TC_LoginDataDrivenTest -  Starting TC_003_LoginDataDrivenTest 
16:29:58.231 [main] INFO  testacase.TC_LoginDataDrivenTest -  Finished TC_003_LoginDataDrivenTest
16:29:58.240 [main] INFO  testacase.TC_LoginDataDrivenTest -  Starting TC_003_LoginDataDrivenTest 
16:30:09.232 [main] INFO  testacase.TC_LoginDataDrivenTest -  Finished TC_003_LoginDataDrivenTest
13:41:00.640 [TestNG-tests-1] INFO  testacase.TC_01AccountREG - ***  Starting TC_001_AccountRegistrationTest ***
13:41:01.226 [TestNG-tests-2] INFO  testacase.TC_01AccountREG - ***  Starting TC_001_AccountRegistrationTest ***
13:41:01.312 [TestNG-tests-1] INFO  testacase.TC_01AccountREG - Clicked on My account link
13:41:01.424 [TestNG-tests-2] INFO  testacase.TC_01AccountREG - Clicked on My account link
13:41:15.092 [TestNG-tests-2] INFO  testacase.TC_01AccountREG - Clicked on register link
13:41:15.098 [TestNG-tests-2] INFO  testacase.TC_01AccountREG - Providing customer data
13:42:02.270 [main] INFO  testacase.TC_LoginDataDrivenTest -  Starting TC_003_LoginDataDrivenTest 
13:42:13.678 [main] INFO  testacase.TC_LoginDataDrivenTest -  Starting TC_003_LoginDataDrivenTest 
13:42:24.319 [main] INFO  testacase.TC_LoginDataDrivenTest -  Finished TC_003_LoginDataDrivenTest
13:42:24.330 [main] INFO  testacase.TC_LoginDataDrivenTest -  Starting TC_003_LoginDataDrivenTest 
13:42:35.012 [main] INFO  testacase.TC_LoginDataDrivenTest -  Finished TC_003_LoginDataDrivenTest
13:42:35.020 [main] INFO  testacase.TC_LoginDataDrivenTest -  Starting TC_003_LoginDataDrivenTest 
13:42:45.676 [main] INFO  testacase.TC_LoginDataDrivenTest -  Finished TC_003_LoginDataDrivenTest
13:42:45.681 [main] INFO  testacase.TC_LoginDataDrivenTest -  Starting TC_003_LoginDataDrivenTest 
13:42:56.352 [main] INFO  testacase.TC_LoginDataDrivenTest -  Finished TC_003_LoginDataDrivenTest
