11:22:21.860 [main] INFO  testCases.AccountRegistrationTest - ***  Starting AccountRegistrationTest ***
11:22:22.010 [main] INFO  testCases.AccountRegistrationTest - Clicked on My account link
11:22:22.775 [main] INFO  testCases.AccountRegistrationTest - Clicked on register link
11:22:28.792 [main] INFO  testCases.AccountRegistrationTest - Providing customer data
11:22:49.879 [main] INFO  testCases.AccountRegistrationTest - Clicked on continue
11:22:49.994 [main] INFO  testCases.AccountRegistrationTest - ***  Finished TC_001_AccountRegistrationTest ***
10:59:17.716 [main] INFO  testCases.AccountRegistrationTest - ***  Starting AccountRegistrationTest ***
10:59:17.907 [main] INFO  testCases.AccountRegistrationTest - Clicked on My account link
10:59:18.928 [main] INFO  testCases.AccountRegistrationTest - Clicked on register link
10:59:24.957 [main] INFO  testCases.AccountRegistrationTest - Providing customer data
10:59:45.960 [main] INFO  testCases.AccountRegistrationTest - Clicked on continue
10:59:46.086 [main] INFO  testCases.AccountRegistrationTest - ***  Finished TC_001_AccountRegistrationTest ***
11:01:34.123 [main] INFO  testCases.AccountRegistrationTest - ***  Starting AccountRegistrationTest ***
11:01:34.445 [main] INFO  testCases.AccountRegistrationTest - Clicked on My account link
11:01:35.200 [main] INFO  testCases.AccountRegistrationTest - Clicked on register link
11:01:41.258 [main] INFO  testCases.AccountRegistrationTest - Providing customer data
11:02:02.324 [main] INFO  testCases.AccountRegistrationTest - Clicked on continue
11:02:02.463 [main] INFO  testCases.AccountRegistrationTest - ***  Finished TC_001_AccountRegistrationTest ***
11:04:05.838 [main] INFO  testCases.AccountRegistrationTest - ***  Starting AccountRegistrationTest ***
11:04:06.205 [main] INFO  testCases.AccountRegistrationTest - Clicked on My account link
11:04:06.947 [main] INFO  testCases.AccountRegistrationTest - Clicked on register link
11:04:12.981 [main] INFO  testCases.AccountRegistrationTest - Providing customer data
11:04:34.014 [main] INFO  testCases.AccountRegistrationTest - Clicked on continue
11:04:34.097 [main] INFO  testCases.AccountRegistrationTest - ***  Finished TC_001_AccountRegistrationTest ***
11:04:40.061 [main] INFO  testCases.AccountRegistrationTest - ***  Starting AccountRegistrationTest ***
11:04:40.216 [main] INFO  testCases.AccountRegistrationTest - Clicked on My account link
11:04:41.050 [main] INFO  testCases.AccountRegistrationTest - Clicked on register link
11:04:47.068 [main] INFO  testCases.AccountRegistrationTest - Providing customer data
11:05:07.990 [main] INFO  testCases.AccountRegistrationTest - Clicked on continue
11:05:08.129 [main] INFO  testCases.AccountRegistrationTest - ***  Finished TC_001_AccountRegistrationTest ***
11:37:34.412 [main] INFO  testCases.AccountRegistrationTest - ***  Starting AccountRegistrationTest ***
11:37:34.602 [main] INFO  testCases.AccountRegistrationTest - Clicked on My account link
11:37:35.488 [main] INFO  testCases.AccountRegistrationTest - Clicked on register link
11:37:41.511 [main] INFO  testCases.AccountRegistrationTest - Providing customer data
11:38:02.478 [main] INFO  testCases.AccountRegistrationTest - Clicked on continue
11:38:02.591 [main] INFO  testCases.AccountRegistrationTest - ***  Finished TC_001_AccountRegistrationTest ***
12:02:41.422 [main] INFO  testCases.AccountRegistrationTest - ***  Starting AccountRegistrationTest ***
12:02:41.585 [main] INFO  testCases.AccountRegistrationTest - Clicked on My account link
12:02:42.395 [main] INFO  testCases.AccountRegistrationTest - Clicked on register link
12:02:48.406 [main] INFO  testCases.AccountRegistrationTest - Providing customer data
12:03:09.481 [main] INFO  testCases.AccountRegistrationTest - Clicked on continue
12:03:09.606 [main] INFO  testCases.AccountRegistrationTest - ***  Finished TC_001_AccountRegistrationTest ***
12:05:17.005 [main] INFO  testCases.AccountRegistrationTest - ***  Starting AccountRegistrationTest ***
12:05:17.163 [main] INFO  testCases.AccountRegistrationTest - Clicked on My account link
12:05:17.994 [main] INFO  testCases.AccountRegistrationTest - Clicked on register link
12:05:24.019 [main] INFO  testCases.AccountRegistrationTest - Providing customer data
12:05:44.883 [main] INFO  testCases.AccountRegistrationTest - Clicked on continue
12:07:12.537 [main] INFO  testCases.AccountRegistrationTest - ***  Starting AccountRegistrationTest ***
12:07:12.700 [main] INFO  testCases.AccountRegistrationTest - Clicked on My account link
12:07:13.587 [main] INFO  testCases.AccountRegistrationTest - Clicked on register link
12:07:19.610 [main] INFO  testCases.AccountRegistrationTest - Providing customer data
12:07:40.511 [main] INFO  testCases.AccountRegistrationTest - Clicked on continue
14:55:15.377 [main] INFO  testCases.TC_02Login - Finished TC_02Login
14:58:15.510 [main] INFO  testCases.TC_02Login - Finished TC_02Login
11:21:09.773 [main] INFO  testCases.TC_02Login - Finished TC_02Login
10:11:45.953 [main] INFO  testCases.TC_02Login - Finished TC_02Login
11:19:21.801 [main] INFO  testCases.TC_02Login - Finished TC_02Login
11:43:21.764 [main] INFO  testCases.TC_02Login - Finished TC_02Login
11:46:06.774 [main] INFO  testCases.TC_02Login - Finished TC_02Login
11:54:11.965 [main] INFO  testCases.TC_02Login - Finished TC_02Login
12:02:11.067 [main] INFO  testCases.TC_02Login - Finished TC_02Login
12:07:29.721 [main] INFO  testCases.TC_02Login - Finished TC_02Login
08:26:53.643 [main] INFO  testCases.AccountRegistrationTest - ***  Starting AccountRegistrationTest ***
08:26:54.103 [main] INFO  testCases.AccountRegistrationTest - Clicked on My account link
08:26:55.482 [main] INFO  testCases.AccountRegistrationTest - Clicked on register link
08:27:01.491 [main] INFO  testCases.AccountRegistrationTest - Providing customer data
08:27:23.011 [main] INFO  testCases.AccountRegistrationTest - Clicked on continue
08:27:40.605 [main] INFO  testCases.AccountRegistrationTest - ***  Starting AccountRegistrationTest ***
08:27:40.796 [main] INFO  testCases.AccountRegistrationTest - Clicked on My account link
08:27:41.749 [main] INFO  testCases.AccountRegistrationTest - Clicked on register link
08:27:47.772 [main] INFO  testCases.AccountRegistrationTest - Providing customer data
08:28:02.100 [main] ERROR testCases.AccountRegistrationTest - test failed
08:28:02.115 [main] INFO  testCases.AccountRegistrationTest - ***  Finished TC_001_AccountRegistrationTest ***
